<?xml version="1.0" encoding="UTF-8"?>
<testng-results skipped="0" failed="0" ignored="0" total="1" passed="1">
  <reporter-output>
  </reporter-output>
  <suite name="Default suite" duration-ms="4660" started-at="2021-08-29T22:36:02 CDT" finished-at="2021-08-29T22:36:07 CDT">
    <groups>
    </groups>
    <test name="Default test" duration-ms="4660" started-at="2021-08-29T22:36:02 CDT" finished-at="2021-08-29T22:36:07 CDT">
      <class name="util.RunningTestNG">
        <test-method status="PASS" signature="init()[pri:0, instance:util.RunningTestNG@6ee52dcd]" name="init" is-config="true" duration-ms="2894" started-at="2021-08-29T22:36:02 CDT" finished-at="2021-08-29T22:36:05 CDT">
          <reporter-output>
          </reporter-output>
        </test-method> <!-- init -->
        <test-method status="PASS" signature="TestNGAutomation()[pri:0, instance:util.RunningTestNG@6ee52dcd]" name="TestNGAutomation" duration-ms="1087" started-at="2021-08-29T22:36:05 CDT" finished-at="2021-08-29T22:36:06 CDT">
          <reporter-output>
          </reporter-output>
        </test-method> <!-- TestNGAutomation -->
        <test-method status="PASS" signature="tearDown()[pri:0, instance:util.RunningTestNG@6ee52dcd]" name="tearDown" is-config="true" duration-ms="649" started-at="2021-08-29T22:36:06 CDT" finished-at="2021-08-29T22:36:07 CDT">
          <reporter-output>
          </reporter-output>
        </test-method> <!-- tearDown -->
      </class> <!-- util.RunningTestNG -->
    </test> <!-- Default test -->
  </suite> <!-- Default suite -->
</testng-results>
